<?xml version="1.0" encoding="UTF-8"?>
<!-- Generated by org.testng.reporters.JUnitXMLReporter -->
<testsuite ignored="0" hostname="LP-5CG5383MD3" failures="0" tests="3" name="Default test" time="0.094" errors="0" timestamp="2025-11-11T14:18:19 IST">
  <testcase classname="newpackage1.SeleniumTestNg" name="m1" time="0.03"/>
  <testcase classname="newpackage1.SeleniumTestNg" name="m2" time="0.001"/>
  <testcase classname="newpackage1.SeleniumTestNg" name="m3" time="0.002"/>
</testsuite> <!-- Default test -->
