<?xml version="1.0" encoding="UTF-8"?>
<testng-results ignored="0" total="3" passed="3" failed="0" skipped="0">
  <reporter-output>
  </reporter-output>
  <suite started-at="2025-11-11T14:18:19 IST" name="Default suite" finished-at="2025-11-11T14:18:19 IST" duration-ms="94">
    <groups>
    </groups>
    <test started-at="2025-11-11T14:18:19 IST" name="Default test" finished-at="2025-11-11T14:18:19 IST" duration-ms="94">
      <class name="newpackage1.SeleniumTestNg">
        <test-method is-config="true" signature="m4()[pri:0, instance:newpackage1.SeleniumTestNg@3e58a80e]" started-at="2025-11-11T14:18:19 IST" name="m4" finished-at="2025-11-11T14:18:19 IST" duration-ms="9" status="PASS">
          <reporter-output>
          </reporter-output>
        </test-method> <!-- m4 -->
        <test-method is-config="true" signature="m6()[pri:0, instance:newpackage1.SeleniumTestNg@3e58a80e]" started-at="2025-11-11T14:18:19 IST" name="m6" finished-at="2025-11-11T14:18:19 IST" duration-ms="1" status="PASS">
          <reporter-output>
          </reporter-output>
        </test-method> <!-- m6 -->
        <test-method signature="m1()[pri:0, instance:newpackage1.SeleniumTestNg@3e58a80e]" started-at="2025-11-11T14:18:19 IST" name="m1" finished-at="2025-11-11T14:18:19 IST" duration-ms="30" status="PASS">
          <reporter-output>
          </reporter-output>
        </test-method> <!-- m1 -->
        <test-method is-config="true" signature="m7()[pri:0, instance:newpackage1.SeleniumTestNg@3e58a80e]" started-at="2025-11-11T14:18:19 IST" name="m7" finished-at="2025-11-11T14:18:19 IST" duration-ms="0" status="PASS">
          <reporter-output>
          </reporter-output>
        </test-method> <!-- m7 -->
        <test-method signature="m2()[pri:1, instance:newpackage1.SeleniumTestNg@3e58a80e]" started-at="2025-11-11T14:18:19 IST" name="m2" finished-at="2025-11-11T14:18:19 IST" duration-ms="1" status="PASS">
          <reporter-output>
          </reporter-output>
        </test-method> <!-- m2 -->
        <test-method is-config="true" signature="m6()[pri:0, instance:newpackage1.SeleniumTestNg@3e58a80e]" started-at="2025-11-11T14:18:19 IST" name="m6" finished-at="2025-11-11T14:18:19 IST" duration-ms="0" status="PASS">
          <reporter-output>
          </reporter-output>
        </test-method> <!-- m6 -->
        <test-method is-config="true" signature="m7()[pri:0, instance:newpackage1.SeleniumTestNg@3e58a80e]" started-at="2025-11-11T14:18:19 IST" name="m7" finished-at="2025-11-11T14:18:19 IST" duration-ms="0" status="PASS">
          <reporter-output>
          </reporter-output>
        </test-method> <!-- m7 -->
        <test-method signature="m3()[pri:2, instance:newpackage1.SeleniumTestNg@3e58a80e]" started-at="2025-11-11T14:18:19 IST" name="m3" finished-at="2025-11-11T14:18:19 IST" duration-ms="2" status="PASS">
          <reporter-output>
          </reporter-output>
        </test-method> <!-- m3 -->
        <test-method is-config="true" signature="m6()[pri:0, instance:newpackage1.SeleniumTestNg@3e58a80e]" started-at="2025-11-11T14:18:19 IST" name="m6" finished-at="2025-11-11T14:18:19 IST" duration-ms="0" status="PASS">
          <reporter-output>
          </reporter-output>
        </test-method> <!-- m6 -->
        <test-method is-config="true" signature="m7()[pri:0, instance:newpackage1.SeleniumTestNg@3e58a80e]" started-at="2025-11-11T14:18:19 IST" name="m7" finished-at="2025-11-11T14:18:19 IST" duration-ms="0" status="PASS">
          <reporter-output>
          </reporter-output>
        </test-method> <!-- m7 -->
        <test-method is-config="true" signature="m5()[pri:0, instance:newpackage1.SeleniumTestNg@3e58a80e]" started-at="2025-11-11T14:18:19 IST" name="m5" finished-at="2025-11-11T14:18:19 IST" duration-ms="1" status="PASS">
          <reporter-output>
          </reporter-output>
        </test-method> <!-- m5 -->
      </class> <!-- newpackage1.SeleniumTestNg -->
    </test> <!-- Default test -->
  </suite> <!-- Default suite -->
</testng-results>
