<?xml version="1.0" encoding="UTF-8"?>
<!-- Generated by org.testng.reporters.JUnitReportReporter -->
<testsuite hostname="LP-5CG5383MD3" failures="0" tests="3" name="newpackage1.SeleniumTestNg" time="0.034" errors="0" timestamp="2025-11-11T14:18:19 IST" skipped="0">
  <testcase classname="newpackage1.SeleniumTestNg" name="m1" time="0.030"/>
  <testcase classname="newpackage1.SeleniumTestNg" name="m2" time="0.002"/>
  <testcase classname="newpackage1.SeleniumTestNg" name="m3" time="0.002"/>
</testsuite> <!-- newpackage1.SeleniumTestNg -->
